[debug] > Exec(early(addDefaultCommands), None, None)
[debug] > Exec(addDefaultCommands, None, None)
[debug] > Exec(early(initialize), None, None)
[debug] > Exec(initialize, None, None)
[debug] > Exec(boot, None, None)
[debug] > Exec(writeSbtVersion, None, None)
[debug] > Exec(reload, None, None)
[debug] > Exec(sbtStashOnFailure, None, None)
[debug] > Exec(onFailure loadFailed, None, None)
[debug] > Exec(loadp, None, None)
[info] welcome to sbt 1.7.1 (Private Build Java 11.0.15)
[debug]       Load.loadUnit: plugins took 83.575286ms
[debug]       Load.loadUnit: defsScala took 0.256052ms
[debug] [Loading] Scanning directory /home/anzor.gurchumelia/.sbt/1.0/plugins
[debug] [Loading] Found non-root projects 
[debug] [Loading] Done in /home/anzor.gurchumelia/.sbt/1.0/plugins, returning: ()
[debug] deducing auto plugins based on known facts Set(Atom(sbt.plugins.CorePlugin)) and clauses Clauses(Clause(Atom(sbt.plugins.JvmPlugin),Set(Atom(sbt.plugins.IvyPlugin)))
[debug] Clause(Atom(sbt.ScriptedPlugin),Set(Atom(sbt.plugins.JvmPlugin)))
[debug] Clause(Atom(sbt.plugins.SbtPlugin),Set(Atom(sbt.ScriptedPlugin)))
[debug] Clause(Atom(sbt.plugins.SemanticdbPlugin),Set(Atom(sbt.plugins.JvmPlugin)))
[debug] Clause(Atom(sbt.plugins.JUnitXmlReportPlugin),Set(Atom(sbt.plugins.JvmPlugin)))
[debug] Clause(Atom(sbt.plugins.MiniDependencyTreePlugin),Set(Atom(sbt.plugins.JvmPlugin)))
[debug] Clause(Atom(sbt.plugins.CorePlugin),Set(Atom(sbt.plugins.IvyPlugin)))
[debug] Clause(Atom(sbt.plugins.IvyPlugin),Set(Atom(sbt.plugins.JvmPlugin)))
[debug] Clause(Atom(sbt.plugins.JvmPlugin),Set(Atom(sbt.plugins.SemanticdbPlugin)))
[debug] Clause(Atom(sbt.plugins.JvmPlugin),Set(Atom(sbt.plugins.JUnitXmlReportPlugin)))
[debug] Clause(Atom(sbt.plugins.CorePlugin),Set(Atom(sbt.plugins.Giter8TemplatePlugin)))
[debug] Clause(Atom(sbt.plugins.JvmPlugin),Set(Atom(sbt.plugins.MiniDependencyTreePlugin))))
[debug]   :: deduced result: Matched(sbt.plugins.CorePlugin,sbt.plugins.Giter8TemplatePlugin,sbt.plugins.IvyPlugin,sbt.plugins.JvmPlugin,sbt.plugins.MiniDependencyTreePlugin,sbt.plugins.JUnitXmlReportPlugin,sbt.plugins.SemanticdbPlugin)
[debug] Plugins.deducer#function took 11.938531 ms
[debug]           Load.resolveProject(global-plugins) took 36.049368ms
[debug]         Load.loadTransitive: finalizeProject(Project(id global-plugins, base: /home/anzor.gurchumelia/.sbt/1.0/plugins, plugins: List(<none>))) took 66.68286ms
[debug] [Loading] Done in /home/anzor.gurchumelia/.sbt/1.0/plugins, returning: (global-plugins)
[debug]       Load.loadUnit: loadedProjectsRaw took 81.741046ms
[debug]       Load.loadUnit: cleanEvalClasses took 0.189155ms
[debug]     Load.loadUnit(file:/home/anzor.gurchumelia/.sbt/1.0/plugins/, ...) took 172.402607ms
[debug]   Load.apply: load took 319.176286ms
[debug]   Load.apply: resolveProjects took 6.291083ms
[debug]   Load.apply: finalTransforms took 51.050285ms
[debug]   Load.apply: config.delegates took 8.379659ms
[debug]   Load.apply: Def.make(settings)... took 428.000072ms
[debug]   Load.apply: structureIndex took 66.715587ms
[debug]   Load.apply: mkStreams took 1.042847ms
[info] loading global plugins from /home/anzor.gurchumelia/.sbt/1.0/plugins
[debug] Running task... Cancel: Signal, check cycles: false, forcegc: true
[debug] Load.defaultLoad until apply took 1969.927731ms
[debug]           Load.loadUnit: plugins took 29.392243ms
[debug]           Load.loadUnit: defsScala took 0.015361ms
[debug] [Loading] Scanning directory /home/anzor.gurchumelia/Desktop/scala-with-mongodb/project
[debug] [Loading] Found non-root projects 
[debug] [Loading] Done in /home/anzor.gurchumelia/Desktop/scala-with-mongodb/project, returning: ()
[debug] deducing auto plugins based on known facts Set(Atom(sbt.plugins.CorePlugin)) and clauses Clauses(Clause(Atom(sbt.plugins.JvmPlugin),Set(Atom(sbt.plugins.IvyPlugin)))
[debug] Clause(Atom(sbt.ScriptedPlugin),Set(Atom(sbt.plugins.JvmPlugin)))
[debug] Clause(Atom(sbt.plugins.SbtPlugin),Set(Atom(sbt.ScriptedPlugin)))
[debug] Clause(Atom(sbt.plugins.SemanticdbPlugin),Set(Atom(sbt.plugins.JvmPlugin)))
[debug] Clause(Atom(sbt.plugins.JUnitXmlReportPlugin),Set(Atom(sbt.plugins.JvmPlugin)))
[debug] Clause(Atom(sbt.plugins.MiniDependencyTreePlugin),Set(Atom(sbt.plugins.JvmPlugin)))
[debug] Clause(Atom(sbt.plugins.CorePlugin),Set(Atom(sbt.plugins.IvyPlugin)))
[debug] Clause(Atom(sbt.plugins.IvyPlugin),Set(Atom(sbt.plugins.JvmPlugin)))
[debug] Clause(Atom(sbt.plugins.JvmPlugin),Set(Atom(sbt.plugins.SemanticdbPlugin)))
[debug] Clause(Atom(sbt.plugins.JvmPlugin),Set(Atom(sbt.plugins.JUnitXmlReportPlugin)))
[debug] Clause(Atom(sbt.plugins.CorePlugin),Set(Atom(sbt.plugins.Giter8TemplatePlugin)))
[debug] Clause(Atom(sbt.plugins.JvmPlugin),Set(Atom(sbt.plugins.MiniDependencyTreePlugin))))
[debug]   :: deduced result: Matched(sbt.plugins.CorePlugin,sbt.plugins.Giter8TemplatePlugin,sbt.plugins.IvyPlugin,sbt.plugins.JvmPlugin,sbt.plugins.MiniDependencyTreePlugin,sbt.plugins.JUnitXmlReportPlugin,sbt.plugins.SemanticdbPlugin)
[debug] Plugins.deducer#function took 2.077272 ms
[debug]               Load.resolveProject(scala-with-mongodb-build) took 2.36145ms
[debug]             Load.loadTransitive: finalizeProject(Project(id scala-with-mongodb-build, base: /home/anzor.gurchumelia/Desktop/scala-with-mongodb/project, plugins: List(<none>))) took 5.253607ms
[debug] [Loading] Done in /home/anzor.gurchumelia/Desktop/scala-with-mongodb/project, returning: (scala-with-mongodb-build)
[debug]           Load.loadUnit: loadedProjectsRaw took 7.918183ms
[debug]           Load.loadUnit: cleanEvalClasses took 0.030798ms
[debug]         Load.loadUnit(file:/home/anzor.gurchumelia/Desktop/scala-with-mongodb/project/, ...) took 38.262724ms
[debug]       Load.apply: load took 39.706943ms
[debug]       Load.apply: resolveProjects took 0.088686ms
[debug]       Load.apply: finalTransforms took 15.246836ms
[debug]       Load.apply: config.delegates took 0.633351ms
[debug]       Load.apply: Def.make(settings)... took 100.810109ms
[debug]       Load.apply: structureIndex took 30.393242ms
[debug]       Load.apply: mkStreams took 0.003037ms
[info] loading project definition from /home/anzor.gurchumelia/Desktop/scala-with-mongodb/project
[debug] Running task... Cancel: Signal, check cycles: false, forcegc: true
[debug]     Load.loadUnit: plugins took 441.69837ms
[debug]     Load.loadUnit: defsScala took 0.002536ms
[debug] [Loading] Scanning directory /home/anzor.gurchumelia/Desktop/scala-with-mongodb
[debug]       Load.loadUnit: mkEval took 12.55393ms
[debug] [Loading] Found root project root w/ remaining 
[debug] deducing auto plugins based on known facts Set(Atom(sbt.plugins.CorePlugin)) and clauses Clauses(Clause(Atom(sbt.plugins.JvmPlugin),Set(Atom(sbt.plugins.IvyPlugin)))
[debug] Clause(Atom(sbt.ScriptedPlugin),Set(Atom(sbt.plugins.JvmPlugin)))
[debug] Clause(Atom(sbt.plugins.SbtPlugin),Set(Atom(sbt.ScriptedPlugin)))
[debug] Clause(Atom(sbt.plugins.SemanticdbPlugin),Set(Atom(sbt.plugins.JvmPlugin)))
[debug] Clause(Atom(sbt.plugins.JUnitXmlReportPlugin),Set(Atom(sbt.plugins.JvmPlugin)))
[debug] Clause(Atom(sbt.plugins.MiniDependencyTreePlugin),Set(Atom(sbt.plugins.JvmPlugin)))
[debug] Clause(Atom(sbt.plugins.CorePlugin),Set(Atom(sbt.plugins.IvyPlugin)))
[debug] Clause(Atom(sbt.plugins.IvyPlugin),Set(Atom(sbt.plugins.JvmPlugin)))
[debug] Clause(Atom(sbt.plugins.JvmPlugin),Set(Atom(sbt.plugins.SemanticdbPlugin)))
[debug] Clause(Atom(sbt.plugins.JvmPlugin),Set(Atom(sbt.plugins.JUnitXmlReportPlugin)))
[debug] Clause(Atom(sbt.plugins.CorePlugin),Set(Atom(sbt.plugins.Giter8TemplatePlugin)))
[debug] Clause(Atom(sbt.plugins.JvmPlugin),Set(Atom(sbt.plugins.MiniDependencyTreePlugin))))
[debug]   :: deduced result: Matched(sbt.plugins.CorePlugin,sbt.plugins.Giter8TemplatePlugin,sbt.plugins.IvyPlugin,sbt.plugins.JvmPlugin,sbt.plugins.MiniDependencyTreePlugin,sbt.plugins.JUnitXmlReportPlugin,sbt.plugins.SemanticdbPlugin)
[debug] Plugins.deducer#function took 1.313297 ms
[info] loading settings for project root from build.sbt ...
[debug]         Load.resolveProject(root) took 3.002116ms
[debug]       Load.loadTransitive: finalizeProject(Project(id root, base: /home/anzor.gurchumelia/Desktop/scala-with-mongodb, plugins: List(<none>))) took 5.359463ms
[debug] [Loading] Done in /home/anzor.gurchumelia/Desktop/scala-with-mongodb, returning: (root)
[debug]     Load.loadUnit: loadedProjectsRaw took 1943.029866ms
[debug]     Load.loadUnit: cleanEvalClasses took 6.648041ms
[debug]   Load.loadUnit(file:/home/anzor.gurchumelia/Desktop/scala-with-mongodb/, ...) took 2392.07877ms
[debug] Load.apply: load took 2393.79422ms
[debug] Load.apply: resolveProjects took 0.076675ms
[debug] Load.apply: finalTransforms took 7.574277ms
[debug] Load.apply: config.delegates took 0.290013ms
[debug] Load.apply: Def.make(settings)... took 252.327778ms
[debug] Load.apply: structureIndex took 30.98443ms
[debug] Load.apply: mkStreams took 0.002454ms
[info] set current project to scala-with-mongodb (in build file:/home/anzor.gurchumelia/Desktop/scala-with-mongodb/)
[debug] > Exec(sbtPopOnFailure, None, None)
[debug] > Exec(resumeFromFailure, None, None)
[debug] > Exec(notifyUsersAboutShell, None, None)
[debug] > Exec(iflast shell, None, None)
[debug] > Exec(shell, None, None)
[info] sbt server started at local:///home/anzor.gurchumelia/.sbt/1.0/server/cb91f46d87619f03874d/sock
[debug] Writing bsp connection file
[info] started sbt server
